cabal: Entering directory '/tmp/cabal-tmp-11527/idiii-0.1.3.3'
Configuring idiii-0.1.3.3...
Preprocessing library for idiii-0.1.3.3..
Building library for idiii-0.1.3.3..
[ 1 of 20] Compiling ID3.Parser.UnSync ( src/ID3/Parser/UnSync.hs, dist/dist-sandbox-e90b19aa/build/ID3/Parser/UnSync.o )
[ 2 of 20] Compiling ID3.Type.Flags   ( src/ID3/Type/Flags.hs, dist/dist-sandbox-e90b19aa/build/ID3/Type/Flags.o )
[ 3 of 20] Compiling ID3.Type.Unparse ( src/ID3/Type/Unparse.hs, dist/dist-sandbox-e90b19aa/build/ID3/Type/Unparse.o )
[ 4 of 20] Compiling ID3.Type.Header  ( src/ID3/Type/Header.hs, dist/dist-sandbox-e90b19aa/build/ID3/Type/Header.o )
[ 5 of 20] Compiling ID3.Parser.General ( src/ID3/Parser/General.hs, dist/dist-sandbox-e90b19aa/build/ID3/Parser/General.o )
[ 6 of 20] Compiling ID3.Parser.Header ( src/ID3/Parser/Header.hs, dist/dist-sandbox-e90b19aa/build/ID3/Parser/Header.o )
[ 7 of 20] Compiling ID3.Type.FrameInfo ( src/ID3/Type/FrameInfo.hs, dist/dist-sandbox-e90b19aa/build/ID3/Type/FrameInfo.o )
[ 8 of 20] Compiling ID3.Parser.NativeFrames ( src/ID3/Parser/NativeFrames.hs, dist/dist-sandbox-e90b19aa/build/ID3/Parser/NativeFrames.o )
[ 9 of 20] Compiling ID3.Type.Frame   ( src/ID3/Type/Frame.hs, dist/dist-sandbox-e90b19aa/build/ID3/Type/Frame.o )
[10 of 20] Compiling ID3.Parser.Frame ( src/ID3/Parser/Frame.hs, dist/dist-sandbox-e90b19aa/build/ID3/Parser/Frame.o )
[11 of 20] Compiling ID3.Type.ExtHeader ( src/ID3/Type/ExtHeader.hs, dist/dist-sandbox-e90b19aa/build/ID3/Type/ExtHeader.o )
[12 of 20] Compiling ID3.Type.Tag     ( src/ID3/Type/Tag.hs, dist/dist-sandbox-e90b19aa/build/ID3/Type/Tag.o )

src/ID3/Type/Tag.hs:90:17: warning: [-Wdeprecations]
    In the use of ‘fold’ (imported from Data.Map):
    Deprecated: "As of version 0.5, replaced by 'foldr'."
   |
90 | framesSize fs = Map.fold (\fr x -> fr^.frHeader^.frSize + 10 + x) 0 fs
   |                 ^^^^^^^^
[13 of 20] Compiling ID3.Parser.ExtHeader ( src/ID3/Parser/ExtHeader.hs, dist/dist-sandbox-e90b19aa/build/ID3/Parser/ExtHeader.o )
[14 of 20] Compiling ID3.Type         ( src/ID3/Type.hs, dist/dist-sandbox-e90b19aa/build/ID3/Type.o )
[15 of 20] Compiling ID3.Parser.Tag   ( src/ID3/Parser/Tag.hs, dist/dist-sandbox-e90b19aa/build/ID3/Parser/Tag.o )
[16 of 20] Compiling ID3.Parser       ( src/ID3/Parser.hs, dist/dist-sandbox-e90b19aa/build/ID3/Parser.o )
[17 of 20] Compiling ID3.ReadTag      ( src/ID3/ReadTag.hs, dist/dist-sandbox-e90b19aa/build/ID3/ReadTag.o )
[18 of 20] Compiling ID3.WriteTag     ( src/ID3/WriteTag.hs, dist/dist-sandbox-e90b19aa/build/ID3/WriteTag.o )
[19 of 20] Compiling ID3.Simple       ( src/ID3/Simple.hs, dist/dist-sandbox-e90b19aa/build/ID3/Simple.o )
[20 of 20] Compiling ID3              ( src/ID3.hs, dist/dist-sandbox-e90b19aa/build/ID3.o )
Preprocessing executable 'read-idiii' for idiii-0.1.3.3..
Building executable 'read-idiii' for idiii-0.1.3.3..
[1 of 1] Compiling Main             ( read-idiii.hs, dist/dist-sandbox-e90b19aa/build/read-idiii/read-idiii-tmp/Main.o )
Linking dist/dist-sandbox-e90b19aa/build/read-idiii/read-idiii ...
Installing library in /home/godofluigi/projects/tagger/.cabal-sandbox/lib/aarch64-linux-ghc-8.4.4/idiii-0.1.3.3-DnV35cxx1PWFsO4BbBGPAB
Installing executable read-idiii in /home/godofluigi/projects/tagger/.cabal-sandbox/bin
cabal: Leaving directory '/tmp/cabal-tmp-11527/idiii-0.1.3.3'
