cabal: Entering directory '/tmp/cabal-tmp-11527/MissingH-1.4.2.0'
Configuring MissingH-1.4.2.0...
Preprocessing library for MissingH-1.4.2.0..
Building library for MissingH-1.4.2.0..

on the commandline: warning:
    -XOverlappingInstances is deprecated: instead use per-instance pragmas OVERLAPPING/OVERLAPPABLE/OVERLAPS
[ 1 of 45] Compiling Control.Concurrent.Thread.Utils ( src/Control/Concurrent/Thread/Utils.hs, dist/dist-sandbox-e90b19aa/build/Control/Concurrent/Thread/Utils.o )
[ 2 of 45] Compiling Data.BinPacking  ( src/Data/BinPacking.hs, dist/dist-sandbox-e90b19aa/build/Data/BinPacking.o )
[ 3 of 45] Compiling Data.Bits.Utils  ( src/Data/Bits/Utils.hs, dist/dist-sandbox-e90b19aa/build/Data/Bits/Utils.o )
[ 4 of 45] Compiling Data.CSV         ( src/Data/CSV.hs, dist/dist-sandbox-e90b19aa/build/Data/CSV.o )
[ 5 of 45] Compiling Data.Compression.Inflate ( src/Data/Compression/Inflate.hs, dist/dist-sandbox-e90b19aa/build/Data/Compression/Inflate.o )
[ 6 of 45] Compiling Data.Either.Utils ( src/Data/Either/Utils.hs, dist/dist-sandbox-e90b19aa/build/Data/Either/Utils.o )
[ 7 of 45] Compiling Data.Hash.CRC32.GZip ( src/Data/Hash/CRC32/GZip.hs, dist/dist-sandbox-e90b19aa/build/Data/Hash/CRC32/GZip.o )
[ 8 of 45] Compiling Data.Hash.MD5    ( src/Data/Hash/MD5.hs, dist/dist-sandbox-e90b19aa/build/Data/Hash/MD5.o )
[ 9 of 45] Compiling Data.Hash.MD5.Zord64_HARD ( src/Data/Hash/MD5/Zord64_HARD.hs, dist/dist-sandbox-e90b19aa/build/Data/Hash/MD5/Zord64_HARD.o )
[10 of 45] Compiling Data.List.Utils  ( src/Data/List/Utils.hs, dist/dist-sandbox-e90b19aa/build/Data/List/Utils.o )
[11 of 45] Compiling Data.Map.Utils   ( src/Data/Map/Utils.hs, dist/dist-sandbox-e90b19aa/build/Data/Map/Utils.o )
[12 of 45] Compiling Data.Maybe.Utils ( src/Data/Maybe/Utils.hs, dist/dist-sandbox-e90b19aa/build/Data/Maybe/Utils.o )
[13 of 45] Compiling Data.Quantity    ( src/Data/Quantity.hs, dist/dist-sandbox-e90b19aa/build/Data/Quantity.o )
[14 of 45] Compiling Data.String.Utils ( src/Data/String/Utils.hs, dist/dist-sandbox-e90b19aa/build/Data/String/Utils.o )
[15 of 45] Compiling Data.Tuple.Utils ( src/Data/Tuple/Utils.hs, dist/dist-sandbox-e90b19aa/build/Data/Tuple/Utils.o )
[16 of 45] Compiling Network.Email.Mailbox ( src/Network/Email/Mailbox.hs, dist/dist-sandbox-e90b19aa/build/Network/Email/Mailbox.o )
[17 of 45] Compiling Network.Utils    ( src/Network/Utils.hs, dist/dist-sandbox-e90b19aa/build/Network/Utils.o )
[18 of 45] Compiling Network.SocketServer ( src/Network/SocketServer.hs, dist/dist-sandbox-e90b19aa/build/Network/SocketServer.o )
[19 of 45] Compiling System.Cmd.Utils ( src/System/Cmd/Utils.hs, dist/dist-sandbox-e90b19aa/build/System/Cmd/Utils.o )
[20 of 45] Compiling Network.Email.Sendmail ( src/Network/Email/Sendmail.hs, dist/dist-sandbox-e90b19aa/build/Network/Email/Sendmail.o )
[21 of 45] Compiling System.Console.GetOpt.Utils ( src/System/Console/GetOpt/Utils.hs, dist/dist-sandbox-e90b19aa/build/System/Console/GetOpt/Utils.o )
[22 of 45] Compiling System.Daemon    ( src/System/Daemon.hs, dist/dist-sandbox-e90b19aa/build/System/Daemon.o )
[23 of 45] Compiling System.Debian    ( src/System/Debian.hs, dist/dist-sandbox-e90b19aa/build/System/Debian.o )
[24 of 45] Compiling System.Debian.ControlParser ( src/System/Debian/ControlParser.hs, dist/dist-sandbox-e90b19aa/build/System/Debian/ControlParser.o )
[25 of 45] Compiling System.FileArchive.GZip ( src/System/FileArchive/GZip.hs, dist/dist-sandbox-e90b19aa/build/System/FileArchive/GZip.o )
[26 of 45] Compiling System.IO.HVIO   ( src/System/IO/HVIO.hs, dist/dist-sandbox-e90b19aa/build/System/IO/HVIO.o )
[27 of 45] Compiling System.IO.PlafCompat ( src/System/IO/PlafCompat.hs, dist/dist-sandbox-e90b19aa/build/System/IO/PlafCompat.o )
[28 of 45] Compiling System.IO.Utils  ( src/System/IO/Utils.hs, dist/dist-sandbox-e90b19aa/build/System/IO/Utils.o )
[29 of 45] Compiling System.IO.WindowsCompat ( src/System/IO/WindowsCompat.hs, dist/dist-sandbox-e90b19aa/build/System/IO/WindowsCompat.o )
[30 of 45] Compiling System.Path.NameManip ( src/System/Path/NameManip.hs, dist/dist-sandbox-e90b19aa/build/System/Path/NameManip.o )
[31 of 45] Compiling System.Path.WildMatch ( src/System/Path/WildMatch.hs, dist/dist-sandbox-e90b19aa/build/System/Path/WildMatch.o )
[32 of 45] Compiling System.Posix.Consts ( src/System/Posix/Consts.hs, dist/dist-sandbox-e90b19aa/build/System/Posix/Consts.o )
[33 of 45] Compiling System.IO.StatCompat ( src/System/IO/StatCompat.hs, dist/dist-sandbox-e90b19aa/build/System/IO/StatCompat.o )
[34 of 45] Compiling System.Time.Utils ( src/System/Time/Utils.hs, dist/dist-sandbox-e90b19aa/build/System/Time/Utils.o )
[35 of 45] Compiling System.IO.HVFS   ( src/System/IO/HVFS.hs, dist/dist-sandbox-e90b19aa/build/System/IO/HVFS.o )
[36 of 45] Compiling System.Path.Glob ( src/System/Path/Glob.hs, dist/dist-sandbox-e90b19aa/build/System/Path/Glob.o )
[37 of 45] Compiling System.IO.HVFS.Utils ( src/System/IO/HVFS/Utils.hs, dist/dist-sandbox-e90b19aa/build/System/IO/HVFS/Utils.o )
[38 of 45] Compiling System.Path      ( src/System/Path.hs, dist/dist-sandbox-e90b19aa/build/System/Path.o )
[39 of 45] Compiling Data.MIME.Types  ( src/Data/MIME/Types.hs, dist/dist-sandbox-e90b19aa/build/Data/MIME/Types.o )
[40 of 45] Compiling System.IO.HVFS.InstanceHelpers ( src/System/IO/HVFS/InstanceHelpers.hs, dist/dist-sandbox-e90b19aa/build/System/IO/HVFS/InstanceHelpers.o )
[41 of 45] Compiling System.IO.HVFS.Combinators ( src/System/IO/HVFS/Combinators.hs, dist/dist-sandbox-e90b19aa/build/System/IO/HVFS/Combinators.o )
[42 of 45] Compiling System.IO.Binary ( src/System/IO/Binary.hs, dist/dist-sandbox-e90b19aa/build/System/IO/Binary.o )
[43 of 45] Compiling Data.Progress.Tracker ( src/Data/Progress/Tracker.hs, dist/dist-sandbox-e90b19aa/build/Data/Progress/Tracker.o )
[44 of 45] Compiling Data.Progress.Meter ( src/Data/Progress/Meter.hs, dist/dist-sandbox-e90b19aa/build/Data/Progress/Meter.o )
[45 of 45] Compiling Text.ParserCombinators.Parsec.Utils ( src/Text/ParserCombinators/Parsec/Utils.hs, dist/dist-sandbox-e90b19aa/build/Text/ParserCombinators/Parsec/Utils.o )
Installing library in /home/godofluigi/projects/tagger/.cabal-sandbox/lib/aarch64-linux-ghc-8.4.4/MissingH-1.4.2.0-E90JLKFLRfY4ypznRL4S
cabal: Leaving directory '/tmp/cabal-tmp-11527/MissingH-1.4.2.0'
